2024-12-10 20:54:03,164 [restartedMain] INFO  in.ashokit.Application                             - Starting Application using Java 21.0.4 with PID 6812 (D:\SpringBootFrameWork\20-SBMS-WebMvc-app\target\classes started by vanka in D:\SpringBootFrameWork\20-SBMS-WebMvc-app)
2024-12-10 20:54:03,166 [restartedMain] INFO  in.ashokit.Application                             - No active profile set, falling back to 1 default profile: "default"
2024-12-10 20:54:03,213 [restartedMain] INFO  o.s.b.d.e.DevToolsPropertyDefaultsPostProcessor    - Devtools property defaults active! Set 'spring.devtools.add-properties' to 'false' to disable
2024-12-10 20:54:03,214 [restartedMain] INFO  o.s.b.d.e.DevToolsPropertyDefaultsPostProcessor    - For additional web related logging consider setting the 'logging.level.web' property to 'DEBUG'
2024-12-10 20:54:04,084 [restartedMain] INFO  o.s.b.w.embedded.tomcat.TomcatWebServer            - Tomcat initialized with port 8080 (http)
2024-12-10 20:54:04,096 [restartedMain] INFO  o.apache.coyote.http11.Http11NioProtocol           - Initializing ProtocolHandler ["http-nio-8080"]
2024-12-10 20:54:04,097 [restartedMain] INFO  o.apache.catalina.core.StandardService             - Starting service [Tomcat]
2024-12-10 20:54:04,097 [restartedMain] INFO  org.apache.catalina.core.StandardEngine            - Starting Servlet engine: [Apache Tomcat/10.1.33]
2024-12-10 20:54:04,161 [restartedMain] INFO  o.a.c.c.C.[Tomcat].[localhost].[/]                 - Initializing Spring embedded WebApplicationContext
2024-12-10 20:54:04,161 [restartedMain] INFO  o.s.b.w.s.c.ServletWebServerApplicationContext     - Root WebApplicationContext: initialization completed in 947 ms
2024-12-10 20:54:04,293 [restartedMain] INFO  o.s.b.a.w.s.WelcomePageHandlerMapping              - Adding welcome page template: index
2024-12-10 20:54:04,518 [restartedMain] INFO  o.s.b.d.a.OptionalLiveReloadServer                 - LiveReload server is running on port 35729
2024-12-10 20:54:04,530 [restartedMain] INFO  o.apache.coyote.http11.Http11NioProtocol           - Starting ProtocolHandler ["http-nio-8080"]
2024-12-10 20:54:04,546 [restartedMain] INFO  o.s.b.w.embedded.tomcat.TomcatWebServer            - Tomcat started on port 8080 (http) with context path '/'
2024-12-10 20:54:04,553 [restartedMain] INFO  in.ashokit.Application                             - Started Application in 1.715 seconds (process running for 2.623)
2024-12-10 20:54:04,556 [restartedMain] INFO  in.ashokit.service.Logging_msg                     - the method started
2024-12-10 20:54:04,556 [restartedMain] INFO  in.ashokit.service.Logging_msg                     - this method ended
2024-12-10 20:55:51,737 [RMI TCP Connection(11)-127.0.0.1] INFO  o.s.b.a.SpringApplicationAdminMXBeanRegistrar$SpringApplicationAdmin - Application shutdown requested.
2024-12-10 20:55:51,740 [RMI TCP Connection(11)-127.0.0.1] INFO  o.s.b.w.embedded.tomcat.GracefulShutdown           - Commencing graceful shutdown. Waiting for active requests to complete
2024-12-10 20:55:51,741 [tomcat-shutdown] INFO  o.apache.coyote.http11.Http11NioProtocol           - Pausing ProtocolHandler ["http-nio-8080"]
2024-12-10 20:55:51,745 [tomcat-shutdown] INFO  o.s.b.w.embedded.tomcat.GracefulShutdown           - Graceful shutdown complete
2024-12-10 20:55:51,746 [RMI TCP Connection(11)-127.0.0.1] INFO  o.apache.coyote.http11.Http11NioProtocol           - Stopping ProtocolHandler ["http-nio-8080"]
